#
# There is insufficient memory for the Java Runtime Environment to continue.
# Native memory allocation (malloc) failed to allocate 32744 bytes for ChunkPool::allocate
# Possible reasons:
#   The system is out of physical RAM or swap space
#   The process is running with CompressedOops enabled, and the Java Heap may be blocking the growth of the native heap
# Possible solutions:
#   Reduce memory load on the system
#   Increase physical memory or swap space
#   Check if swap backing store is full
#   Decrease Java heap size (-Xmx/-Xms)
#   Decrease number of Java threads
#   Decrease Java thread stack sizes (-Xss)
#   Set larger code cache with -XX:ReservedCodeCacheSize=
#   JVM is running with Unscaled Compressed Oops mode in which the Java heap is
#     placed in the first 4GB address space. The Java Heap base address is the
#     maximum limit for the native heap growth. Please use -XX:HeapBaseMinAddress
#     to set the Java Heap base and to place the Java Heap above 4GB virtual address.
# This output file may be truncated or incomplete.
#
#  Out of Memory Error (allocation.cpp:273), pid=15836, tid=0x00000000000022d0
#
# JRE version: Java(TM) SE Runtime Environment (8.0_201-b09) (build 1.8.0_201-b09)
# Java VM: Java HotSpot(TM) 64-Bit Server VM (25.201-b09 mixed mode windows-amd64 compressed oops)
# Failed to write core dump. Minidumps are not enabled by default on client versions of Windows
#

---------------  T H R E A D  ---------------

Current thread (0x00000000188a7800):  JavaThread "Build operations Thread 2" [_thread_in_vm, id=8912, stack(0x0000000021730000,0x0000000021830000)]

Stack: [0x0000000021730000,0x0000000021830000]
[error occurred during error reporting (printing stack bounds), id 0xc0000005]

Native frames: (J=compiled Java code, j=interpreted, Vv=VM code, C=native code)

Java frames: (J=compiled Java code, j=interpreted, Vv=VM code)
j  org.gradle.internal.operations.DefaultBuildOperationExecutor.execute(Lorg/gradle/internal/operations/BuildOperation;Lorg/gradle/internal/operations/BuildOperationWorker;Lorg/gradle/internal/operations/DefaultBuildOperationExecutor$BuildOperationState;)V+269
j  org.gradle.internal.operations.DefaultBuildOperationExecutor.access$900(Lorg/gradle/internal/operations/DefaultBuildOperationExecutor;Lorg/gradle/internal/operations/BuildOperation;Lorg/gradle/internal/operations/BuildOperationWorker;Lorg/gradle/internal/operations/DefaultBuildOperationExecutor$BuildOperationState;)V+4
j  org.gradle.internal.operations.DefaultBuildOperationExecutor$ParentPreservingQueueWorker.execute(Lorg/gradle/internal/operations/BuildOperation;)V+13
j  org.gradle.internal.operations.DefaultBuildOperationQueue$WorkerRunnable.runOperation(Lorg/gradle/internal/operations/BuildOperation;)V+8
j  org.gradle.internal.operations.DefaultBuildOperationQueue$WorkerRunnable.access$600(Lorg/gradle/internal/operations/DefaultBuildOperationQueue$WorkerRunnable;Lorg/gradle/internal/operations/BuildOperation;)V+2
j  org.gradle.internal.operations.DefaultBuildOperationQueue$WorkerRunnable$1.call()Ljava/lang/Integer;+16
j  org.gradle.internal.operations.DefaultBuildOperationQueue$WorkerRunnable$1.call()Ljava/lang/Object;+1
j  org.gradle.internal.work.DefaultWorkerLeaseService.withLocks(Ljava/lang/Iterable;Ljava/util/concurrent/Callable;)Ljava/lang/Object;+15
j  org.gradle.internal.operations.DefaultBuildOperationQueue$WorkerRunnable.runBatch(Lorg/gradle/internal/operations/BuildOperation;)V+35
j  org.gradle.internal.operations.DefaultBuildOperationQueue$WorkerRunnable.run()V+11
J 5044 C1 org.gradle.internal.concurrent.ExecutorPolicy$CatchAndRecordFailures.onExecute(Ljava/lang/Runnable;)V (29 bytes) @ 0x0000000003cdbb04 [0x0000000003cdba80+0x84]
j  org.gradle.internal.concurrent.ManagedExecutorImpl$1.run()V+25
j  java.util.concurrent.ThreadPoolExecutor.runWorker(Ljava/util/concurrent/ThreadPoolExecutor$Worker;)V+95
j  java.util.concurrent.ThreadPoolExecutor$Worker.run()V+5
j  org.gradle.internal.concurrent.ThreadFactoryImpl$ManagedThreadRunnable.run()V+7
j  java.lang.Thread.run()V+11
v  ~StubRoutines::call_stub

---------------  P R O C E S S  ---------------

Java Threads: ( => current thread )
  0x00000000209ec000 JavaThread "Cache worker for Java compile cache (C:\springboot-webservice\.gradle\4.10.2\javaCompile)" [_thread_in_native, id=13956, stack(0x0000000022f00000,0x0000000023000000)]
  0x00000000209eb000 JavaThread "Cache worker for Java compile cache (C:\Users\silve\.gradle\caches\4.10.2\javaCompile)" [_thread_blocked, id=18512, stack(0x0000000022e00000,0x0000000022f00000)]
  0x00000000209ea800 JavaThread "Cache worker for Build Output Cleanup Cache (C:\springboot-webservice\.gradle\buildOutputCleanup)" [_thread_blocked, id=20188, stack(0x0000000022d00000,0x0000000022e00000)]
  0x00000000209e9800 JavaThread "Cache worker for task history cache (C:\springboot-webservice\.gradle\4.10.2\taskHistory)" [_thread_blocked, id=3076, stack(0x0000000022c00000,0x0000000022d00000)]
  0x00000000209e9000 JavaThread "Task worker for ':' Thread 7" [_thread_blocked, id=12104, stack(0x0000000022b00000,0x0000000022c00000)]
  0x00000000209e1800 JavaThread "Task worker for ':' Thread 6" [_thread_blocked, id=11888, stack(0x0000000022a00000,0x0000000022b00000)]
  0x00000000209e8000 JavaThread "Task worker for ':' Thread 5" [_thread_blocked, id=21224, stack(0x0000000022900000,0x0000000022a00000)]
  0x00000000209e0800 JavaThread "Task worker for ':' Thread 4" [_thread_blocked, id=17132, stack(0x0000000022800000,0x0000000022900000)]
  0x00000000209e7800 JavaThread "Task worker for ':' Thread 3" [_thread_blocked, id=11736, stack(0x0000000022430000,0x0000000022530000)]
  0x00000000209e0000 JavaThread "Task worker for ':' Thread 2" [_thread_blocked, id=17276, stack(0x0000000022330000,0x0000000022430000)]
  0x00000000209e6800 JavaThread "Task worker for ':'" [_thread_blocked, id=9344, stack(0x0000000022230000,0x0000000022330000)]
  0x00000000209e5000 JavaThread "Build operations Thread 8" [_thread_blocked, id=15484, stack(0x0000000022130000,0x0000000022230000)]
  0x00000000209e4800 JavaThread "Build operations Thread 7" [_thread_blocked, id=14456, stack(0x0000000022030000,0x0000000022130000)]
  0x00000000209df000 JavaThread "Cache worker for file content cache (C:\springboot-webservice\.gradle\4.10.2\fileContent)" [_thread_blocked, id=18396, stack(0x0000000021d30000,0x0000000021e30000)]
  0x00000000209dd800 JavaThread "Cache worker for file content cache (C:\Users\silve\.gradle\caches\4.10.2\fileContent)" [_thread_blocked, id=2380, stack(0x0000000021c30000,0x0000000021d30000)]
  0x00000000209e3800 JavaThread "Memory manager" [_thread_blocked, id=3332, stack(0x0000000020330000,0x0000000020430000)]
  0x00000000209e3000 JavaThread "Build operations Thread 6" [_thread_blocked, id=13336, stack(0x0000000021b30000,0x0000000021c30000)]
  0x00000000209e2000 JavaThread "Build operations Thread 5" [_thread_blocked, id=4028, stack(0x0000000021a30000,0x0000000021b30000)]
  0x00000000209de800 JavaThread "Build operations Thread 4" [_thread_blocked, id=15036, stack(0x0000000021930000,0x0000000021a30000)]
  0x00000000188a9000 JavaThread "Build operations Thread 3" [_thread_blocked, id=17164, stack(0x0000000021830000,0x0000000021930000)]
=>0x00000000188a7800 JavaThread "Build operations Thread 2" [_thread_in_vm, id=8912, stack(0x0000000021730000,0x0000000021830000)]
  0x00000000188a7000 JavaThread "Build operations" [_thread_blocked, id=512, stack(0x0000000021630000,0x0000000021730000)]
  0x00000000188a6000 JavaThread "Cache worker for Artifact transforms cache (C:\Users\silve\.gradle\caches\transforms-1)" [_thread_blocked, id=13912, stack(0x000000001e750000,0x000000001e850000)]
  0x00000000188a5800 JavaThread "Cache worker for cache directory md-rule (C:\Users\silve\.gradle\caches\4.10.2\md-rule)" [_thread_blocked, id=2128, stack(0x000000001df20000,0x000000001e020000)]
  0x00000000188a8800 JavaThread "Cache worker for cache directory md-supplier (C:\Users\silve\.gradle\caches\4.10.2\md-supplier)" [_thread_blocked, id=18404, stack(0x000000001e370000,0x000000001e470000)]
  0x00000000188a4800 JavaThread "Cache worker for journal cache (C:\Users\silve\.gradle\caches\journal-1)" [_thread_blocked, id=11180, stack(0x000000001e070000,0x000000001e170000)]
  0x00000000188a4000 JavaThread "Cache worker for file hash cache (C:\springboot-webservice\.gradle\4.10.2\fileHashes)" [_thread_blocked, id=8836, stack(0x000000001ce50000,0x000000001cf50000)]
  0x00000000188aa000 JavaThread "File lock request listener" [_thread_in_native, id=1704, stack(0x000000001bd80000,0x000000001be80000)]
  0x00000000188a3000 JavaThread "Cache worker for file hash cache (C:\Users\silve\.gradle\caches\4.10.2\fileHashes)" [_thread_blocked, id=8768, stack(0x000000001bc80000,0x000000001bd80000)]
  0x0000000018e66800 JavaThread "Stdin handler" [_thread_blocked, id=12896, stack(0x000000001a9b0000,0x000000001aab0000)]
  0x0000000018e65800 JavaThread "Asynchronous log dispatcher for DefaultDaemonConnection: socket connection from /127.0.0.1:57255 to /127.0.0.1:57256" [_thread_blocked, id=18124, stack(0x000000001a7b0000,0x000000001a8b0000)]
  0x0000000018e61000 JavaThread "Daemon worker" [_thread_blocked, id=15192, stack(0x000000001a6b0000,0x000000001a7b0000)]
  0x0000000018e5f800 JavaThread "Cancel handler" [_thread_blocked, id=19928, stack(0x000000001a5b0000,0x000000001a6b0000)]
  0x000000001772e800 JavaThread "Handler for socket connection from /127.0.0.1:57255 to /127.0.0.1:57256" [_thread_in_native, id=3832, stack(0x000000001a2b0000,0x000000001a3b0000)]
  0x000000001772e000 JavaThread "Daemon" [_thread_blocked, id=2576, stack(0x000000001a1b0000,0x000000001a2b0000)]
  0x0000000017863000 JavaThread "Daemon periodic checks" [_thread_blocked, id=5248, stack(0x000000001a0b0000,0x000000001a1b0000)]
  0x0000000017944000 JavaThread "Incoming local TCP Connector on port 57255" [_thread_in_native, id=1992, stack(0x0000000019ed0000,0x0000000019fd0000)]
  0x0000000019729800 JavaThread "Daemon health stats" [_thread_blocked, id=6988, stack(0x0000000019bd0000,0x0000000019cd0000)]
  0x0000000017695000 JavaThread "Service Thread" daemon [_thread_blocked, id=11468, stack(0x0000000018200000,0x0000000018300000)]
  0x0000000017628800 JavaThread "C1 CompilerThread3" daemon [_thread_in_vm, id=16532, stack(0x0000000018100000,0x0000000018200000)]
  0x000000001760c800 JavaThread "C2 CompilerThread2" daemon [_thread_in_native, id=7044, stack(0x0000000018000000,0x0000000018100000)]
  0x0000000017608800 JavaThread "C2 CompilerThread1" daemon [_thread_in_native, id=11748, stack(0x0000000017f00000,0x0000000018000000)]
  0x0000000017601000 JavaThread "C2 CompilerThread0" daemon [_thread_in_native, id=4264, stack(0x0000000017e00000,0x0000000017f00000)]
  0x00000000175fe000 JavaThread "Attach Listener" daemon [_thread_blocked, id=15732, stack(0x0000000017d00000,0x0000000017e00000)]
  0x00000000175aa800 JavaThread "Signal Dispatcher" daemon [_thread_blocked, id=18472, stack(0x0000000017c00000,0x0000000017d00000)]
  0x0000000002c6e800 JavaThread "Finalizer" daemon [_thread_blocked, id=12968, stack(0x0000000017a70000,0x0000000017b70000)]
  0x0000000002c65000 JavaThread "Reference Handler" daemon [_thread_blocked, id=8888, stack(0x0000000017970000,0x0000000017a70000)]
  0x0000000000ebe800 JavaThread "main" [_thread_blocked, id=20780, stack(0x00000000026a0000,0x00000000027a0000)]

Other Threads:
  0x000000001578a000 VMThread [stack: 0x0000000017470000,0x0000000017570000] [id=9404]
  0x00000000176b0800 WatcherThread [stack: 0x0000000018300000,0x0000000018400000] [id=19148]

VM state:not at safepoint (normal execution)

VM Mutex/Monitor currently owned by a thread: None

OutOfMemory and StackOverflow Exception counts:
OutOfMemoryError java_heap_errors=3

heap address: 0x00000000c0000000, size: 1024 MB, Compressed Oops mode: 32-bit
Narrow klass base: 0x0000000000000000, Narrow klass shift: 3
Compressed class space size: 1073741824 Address: 0x0000000100000000

Heap:
 PSYoungGen      total 153600K, used 74249K [0x00000000eab00000, 0x00000000f7980000, 0x0000000100000000)
  eden space 139776K, 43% used [0x00000000eab00000,0x00000000ee60a0c0,0x00000000f3380000)
  from space 13824K, 99% used [0x00000000f3380000,0x00000000f40f8340,0x00000000f4100000)
  to   space 20480K, 0% used [0x00000000f6580000,0x00000000f6580000,0x00000000f7980000)
 ParOldGen       total 93184K, used 31734K [0x00000000c0000000, 0x00000000c5b00000, 0x00000000eab00000)
  object space 93184K, 34% used [0x00000000c0000000,0x00000000c1efd850,0x00000000c5b00000)
 Metaspace       used 44742K, capacity 45748K, committed 45824K, reserved 1089536K
  class space    used 6331K, capacity 6631K, committed 6656K, reserved 1048576K

Card table byte_map: [0x0000000012030000,0x0000000012240000] byte_map_base: 0x0000000011a30000

Marking Bits: (ParMarkBitMap*) 0x000000005e9a4ce0
 Begin Bits: [0x0000000012ba0000, 0x0000000013ba0000)
 End Bits:   [0x0000000013ba0000, 0x0000000014ba0000)

Polling page: 0x0000000000e30000

CodeCache: size=245760Kb used=18250Kb max_used=18250Kb free=227509Kb
 bounds [0x0000000002c70000, 0x0000000003e60000, 0x0000000011c70000]
 total_blobs=6168 nmethods=5421 adapters=658
 compilation: enabled

Compilation events (10 events):
Event: 17.838 Thread 0x0000000017628800 6132       2       com.google.common.cache.LocalCache$EntryFactory$2::copyEntry (19 bytes)
Event: 17.839 Thread 0x0000000017628800 nmethod 6132 0x0000000003e536d0 code [0x0000000003e53860, 0x0000000003e53af8]
Event: 17.867 Thread 0x0000000017628800 6136       1       org.gradle.cache.internal.CacheAccessWorker::access$300 (5 bytes)
Event: 17.867 Thread 0x0000000017628800 nmethod 6136 0x0000000003e53cd0 code [0x0000000003e53e20, 0x0000000003e53f10]
Event: 17.876 Thread 0x0000000017628800 6137       2       com.google.common.cache.LocalCache$StrongValueReference::copyFor (2 bytes)
Event: 17.876 Thread 0x0000000017628800 nmethod 6137 0x0000000003e53f90 code [0x0000000003e540e0, 0x0000000003e54230]
Event: 17.935 Thread 0x0000000017628800 6141       2       org.gradle.api.internal.tasks.compile.incremental.asm.ClassDependenciesVisitor$AnnotationVisitor::visit (22 bytes)
Event: 17.936 Thread 0x0000000017628800 nmethod 6141 0x0000000003e542d0 code [0x0000000003e54460, 0x0000000003e54778]
Event: 17.964 Thread 0x0000000017628800 6143       2       it.unimi.dsi.fastutil.ints.IntOpenHashSet$SetIterator::hasNext (13 bytes)
Event: 17.964 Thread 0x0000000017628800 nmethod 6143 0x0000000003e549d0 code [0x0000000003e54b20, 0x0000000003e54c90]

GC Heap History (10 events):
Event: 10.600 GC heap before
{Heap before GC invocations=11 (full 2):
 PSYoungGen      total 106496K, used 8621K [0x00000000eab00000, 0x00000000f4980000, 0x0000000100000000)
  eden space 94208K, 0% used [0x00000000eab00000,0x00000000eab00000,0x00000000f0700000)
  from space 12288K, 70% used [0x00000000f0700000,0x00000000f0f6b400,0x00000000f1300000)
  to   space 12288K, 0% used [0x00000000f3d80000,0x00000000f3d80000,0x00000000f4980000)
 ParOldGen       total 58880K, used 12558K [0x00000000c0000000, 0x00000000c3980000, 0x00000000eab00000)
  object space 58880K, 21% used [0x00000000c0000000,0x00000000c0c43b58,0x00000000c3980000)
 Metaspace       used 34603K, capacity 35340K, committed 35496K, reserved 1079296K
  class space    used 5078K, capacity 5269K, committed 5376K, reserved 1048576K
Event: 10.705 GC heap after
Heap after GC invocations=11 (full 2):
 PSYoungGen      total 106496K, used 0K [0x00000000eab00000, 0x00000000f4980000, 0x0000000100000000)
  eden space 94208K, 0% used [0x00000000eab00000,0x00000000eab00000,0x00000000f0700000)
  from space 12288K, 0% used [0x00000000f0700000,0x00000000f0700000,0x00000000f1300000)
  to   space 12288K, 0% used [0x00000000f3d80000,0x00000000f3d80000,0x00000000f4980000)
 ParOldGen       total 93184K, used 17995K [0x00000000c0000000, 0x00000000c5b00000, 0x00000000eab00000)
  object space 93184K, 19% used [0x00000000c0000000,0x00000000c1192c98,0x00000000c5b00000)
 Metaspace       used 34603K, capacity 35340K, committed 35496K, reserved 1079296K
  class space    used 5078K, capacity 5269K, committed 5376K, reserved 1048576K
}
Event: 12.386 GC heap before
{Heap before GC invocations=12 (full 2):
 PSYoungGen      total 106496K, used 94208K [0x00000000eab00000, 0x00000000f4980000, 0x0000000100000000)
  eden space 94208K, 100% used [0x00000000eab00000,0x00000000f0700000,0x00000000f0700000)
  from space 12288K, 0% used [0x00000000f0700000,0x00000000f0700000,0x00000000f1300000)
  to   space 12288K, 0% used [0x00000000f3d80000,0x00000000f3d80000,0x00000000f4980000)
 ParOldGen       total 93184K, used 17995K [0x00000000c0000000, 0x00000000c5b00000, 0x00000000eab00000)
  object space 93184K, 19% used [0x00000000c0000000,0x00000000c1192c98,0x00000000c5b00000)
 Metaspace       used 37170K, capacity 38030K, committed 38144K, reserved 1081344K
  class space    used 5363K, capacity 5601K, committed 5632K, reserved 1048576K
Event: 12.397 GC heap after
Heap after GC invocations=12 (full 2):
 PSYoungGen      total 122368K, used 6946K [0x00000000eab00000, 0x00000000f4480000, 0x0000000100000000)
  eden space 115200K, 0% used [0x00000000eab00000,0x00000000eab00000,0x00000000f1b80000)
  from space 7168K, 96% used [0x00000000f3d80000,0x00000000f4448bd8,0x00000000f4480000)
  to   space 11776K, 0% used [0x00000000f2d80000,0x00000000f2d80000,0x00000000f3900000)
 ParOldGen       total 93184K, used 18003K [0x00000000c0000000, 0x00000000c5b00000, 0x00000000eab00000)
  object space 93184K, 19% used [0x00000000c0000000,0x00000000c1194c98,0x00000000c5b00000)
 Metaspace       used 37170K, capacity 38030K, committed 38144K, reserved 1081344K
  class space    used 5363K, capacity 5601K, committed 5632K, reserved 1048576K
}
Event: 13.476 GC heap before
{Heap before GC invocations=13 (full 2):
 PSYoungGen      total 122368K, used 122146K [0x00000000eab00000, 0x00000000f4480000, 0x0000000100000000)
  eden space 115200K, 100% used [0x00000000eab00000,0x00000000f1b80000,0x00000000f1b80000)
  from space 7168K, 96% used [0x00000000f3d80000,0x00000000f4448bd8,0x00000000f4480000)
  to   space 11776K, 0% used [0x00000000f2d80000,0x00000000f2d80000,0x00000000f3900000)
 ParOldGen       total 93184K, used 18003K [0x00000000c0000000, 0x00000000c5b00000, 0x00000000eab00000)
  object space 93184K, 19% used [0x00000000c0000000,0x00000000c1194c98,0x00000000c5b00000)
 Metaspace       used 38684K, capacity 39640K, committed 39680K, reserved 1083392K
  class space    used 5577K, capacity 5853K, committed 5888K, reserved 1048576K
Event: 13.488 GC heap after
Heap after GC invocations=13 (full 2):
 PSYoungGen      total 145408K, used 11698K [0x00000000eab00000, 0x00000000f4e00000, 0x0000000100000000)
  eden space 133632K, 0% used [0x00000000eab00000,0x00000000eab00000,0x00000000f2d80000)
  from space 11776K, 99% used [0x00000000f2d80000,0x00000000f38eca50,0x00000000f3900000)
  to   space 13312K, 0% used [0x00000000f4100000,0x00000000f4100000,0x00000000f4e00000)
 ParOldGen       total 93184K, used 18011K [0x00000000c0000000, 0x00000000c5b00000, 0x00000000eab00000)
  object space 93184K, 19% used [0x00000000c0000000,0x00000000c1196c98,0x00000000c5b00000)
 Metaspace       used 38684K, capacity 39640K, committed 39680K, reserved 1083392K
  class space    used 5577K, capacity 5853K, committed 5888K, reserved 1048576K
}
Event: 14.287 GC heap before
{Heap before GC invocations=14 (full 2):
 PSYoungGen      total 145408K, used 145330K [0x00000000eab00000, 0x00000000f4e00000, 0x0000000100000000)
  eden space 133632K, 100% used [0x00000000eab00000,0x00000000f2d80000,0x00000000f2d80000)
  from space 11776K, 99% used [0x00000000f2d80000,0x00000000f38eca50,0x00000000f3900000)
  to   space 13312K, 0% used [0x00000000f4100000,0x00000000f4100000,0x00000000f4e00000)
 ParOldGen       total 93184K, used 18011K [0x00000000c0000000, 0x00000000c5b00000, 0x00000000eab00000)
  object space 93184K, 19% used [0x00000000c0000000,0x00000000c1196c98,0x00000000c5b00000)
 Metaspace       used 39245K, capacity 40120K, committed 40192K, reserved 1083392K
  class space    used 5632K, capacity 5885K, committed 5888K, reserved 1048576K
Event: 14.298 GC heap after
Heap after GC invocations=14 (full 2):
 PSYoungGen      total 153088K, used 11264K [0x00000000eab00000, 0x00000000f6500000, 0x0000000100000000)
  eden space 139776K, 0% used [0x00000000eab00000,0x00000000eab00000,0x00000000f3380000)
  from space 13312K, 84% used [0x00000000f4100000,0x00000000f4c00040,0x00000000f4e00000)
  to   space 13824K, 0% used [0x00000000f3380000,0x00000000f3380000,0x00000000f4100000)
 ParOldGen       total 93184K, used 18019K [0x00000000c0000000, 0x00000000c5b00000, 0x00000000eab00000)
  object space 93184K, 19% used [0x00000000c0000000,0x00000000c1198c98,0x00000000c5b00000)
 Metaspace       used 39245K, capacity 40120K, committed 40192K, reserved 1083392K
  class space    used 5632K, capacity 5885K, committed 5888K, reserved 1048576K
}
Event: 17.246 GC heap before
{Heap before GC invocations=15 (full 2):
 PSYoungGen      total 153088K, used 151040K [0x00000000eab00000, 0x00000000f6500000, 0x0000000100000000)
  eden space 139776K, 100% used [0x00000000eab00000,0x00000000f3380000,0x00000000f3380000)
  from space 13312K, 84% used [0x00000000f4100000,0x00000000f4c00040,0x00000000f4e00000)
  to   space 13824K, 0% used [0x00000000f3380000,0x00000000f3380000,0x00000000f4100000)
 ParOldGen       total 93184K, used 18019K [0x00000000c0000000, 0x00000000c5b00000, 0x00000000eab00000)
  object space 93184K, 19% used [0x00000000c0000000,0x00000000c1198c98,0x00000000c5b00000)
 Metaspace       used 44028K, capacity 44948K, committed 45312K, reserved 1087488K
  class space    used 6251K, capacity 6535K, committed 6656K, reserved 1048576K
Event: 17.288 GC heap after
Heap after GC invocations=15 (full 2):
 PSYoungGen      total 153600K, used 13792K [0x00000000eab00000, 0x00000000f7980000, 0x0000000100000000)
  eden space 139776K, 0% used [0x00000000eab00000,0x00000000eab00000,0x00000000f3380000)
  from space 13824K, 99% used [0x00000000f3380000,0x00000000f40f8340,0x00000000f4100000)
  to   space 20480K, 0% used [0x00000000f6580000,0x00000000f6580000,0x00000000f7980000)
 ParOldGen       total 93184K, used 31734K [0x00000000c0000000, 0x00000000c5b00000, 0x00000000eab00000)
  object space 93184K, 34% used [0x00000000c0000000,0x00000000c1efd850,0x00000000c5b00000)
 Metaspace       used 44028K, capacity 44948K, committed 45312K, reserved 1087488K
  class space    used 6251K, capacity 6535K, committed 6656K, reserved 1048576K
}

Deoptimization events (10 events):
Event: 17.451 Thread 0x00000000209de800 Uncommon trap: reason=class_check action=maybe_recompile pc=0x0000000003464164 method=org.objectweb.asm.ClassReader.accept(Lorg/objectweb/asm/ClassVisitor;[Lorg/objectweb/asm/Attribute;I)V @ 607
Event: 17.451 Thread 0x00000000209de800 Uncommon trap: reason=class_check action=maybe_recompile pc=0x0000000003799e24 method=org.objectweb.asm.ClassReader.readMethod(Lorg/objectweb/asm/ClassVisitor;Lorg/objectweb/asm/Context;I)I @ 515
Event: 17.451 Thread 0x00000000209de800 Uncommon trap: reason=bimorphic action=maybe_recompile pc=0x0000000003d5d064 method=org.objectweb.asm.ClassReader.readCode(Lorg/objectweb/asm/MethodVisitor;Lorg/objectweb/asm/Context;I)V @ 3275
Event: 17.452 Thread 0x00000000209e2000 Uncommon trap: reason=class_check action=maybe_recompile pc=0x0000000003464164 method=org.objectweb.asm.ClassReader.accept(Lorg/objectweb/asm/ClassVisitor;[Lorg/objectweb/asm/Attribute;I)V @ 607
Event: 17.452 Thread 0x00000000209e2000 Uncommon trap: reason=bimorphic action=maybe_recompile pc=0x0000000003d5d064 method=org.objectweb.asm.ClassReader.readCode(Lorg/objectweb/asm/MethodVisitor;Lorg/objectweb/asm/Context;I)V @ 3275
Event: 17.452 Thread 0x00000000209e2000 Uncommon trap: reason=bimorphic action=maybe_recompile pc=0x0000000003d5d064 method=org.objectweb.asm.ClassReader.readCode(Lorg/objectweb/asm/MethodVisitor;Lorg/objectweb/asm/Context;I)V @ 3275
Event: 17.452 Thread 0x00000000209e2000 Uncommon trap: reason=bimorphic action=maybe_recompile pc=0x0000000003d5d064 method=org.objectweb.asm.ClassReader.readCode(Lorg/objectweb/asm/MethodVisitor;Lorg/objectweb/asm/Context;I)V @ 3275
Event: 17.731 Thread 0x00000000209ec000 Uncommon trap: reason=bimorphic action=maybe_recompile pc=0x00000000031c7edc method=java.io.DataOutputStream.writeShort(I)V @ 12
Event: 17.732 Thread 0x00000000209ec000 Uncommon trap: reason=unstable_if action=reinterpret pc=0x000000000397f864 method=com.esotericsoftware.kryo.io.Output.writeString(Ljava/lang/CharSequence;)V @ 50
Event: 17.959 Thread 0x00000000188a7800 Uncommon trap: reason=unstable_if action=reinterpret pc=0x00000000034b3590 method=java.lang.Integer.getChars(II[C)V @ 7

Classes redefined (0 events):
No events

Internal exceptions (10 events):
Event: 13.331 Thread 0x0000000018e61000 Exception <a 'java/lang/ClassNotFoundException': org/gradle/api/internal/tasks/testing/filter/DefaultTestFilter_DecoratedCustomizer> (0x00000000f12ec5c0) thrown at [C:\re\workspace\8-2-build-windows-amd64-cygwin\jdk8u201\12322\hotspot\src\share\vm\classfi
Event: 13.431 Thread 0x00000000209e0000 Exception <a 'java/lang/NoSuchMethodError': <clinit>> (0x00000000f1999590) thrown at [C:\re\workspace\8-2-build-windows-amd64-cygwin\jdk8u201\12322\hotspot\src\share\vm\prims\jni.cpp, line 1613]
Event: 13.431 Thread 0x00000000209e0000 Exception <a 'java/lang/NoSuchMethodError': <clinit>> (0x00000000f199bb00) thrown at [C:\re\workspace\8-2-build-windows-amd64-cygwin\jdk8u201\12322\hotspot\src\share\vm\prims\jni.cpp, line 1613]
Event: 13.433 Thread 0x00000000209e0000 Exception <a 'java/lang/NoSuchMethodError': <clinit>> (0x00000000f19a73d0) thrown at [C:\re\workspace\8-2-build-windows-amd64-cygwin\jdk8u201\12322\hotspot\src\share\vm\prims\jni.cpp, line 1613]
Event: 13.434 Thread 0x00000000209e0000 Exception <a 'java/lang/NoSuchMethodError': <clinit>> (0x00000000f19b61e0) thrown at [C:\re\workspace\8-2-build-windows-amd64-cygwin\jdk8u201\12322\hotspot\src\share\vm\prims\jni.cpp, line 1613]
Event: 13.448 Thread 0x00000000209e0000 Exception <a 'java/lang/ClassNotFoundException': java/lang/BooleanBeanInfo> (0x00000000f1a648f8) thrown at [C:\re\workspace\8-2-build-windows-amd64-cygwin\jdk8u201\12322\hotspot\src\share\vm\classfile\systemDictionary.cpp, line 210]
Event: 13.448 Thread 0x00000000209e0000 Exception <a 'java/lang/ClassNotFoundException': java/lang/BooleanCustomizer> (0x00000000f1a6af88) thrown at [C:\re\workspace\8-2-build-windows-amd64-cygwin\jdk8u201\12322\hotspot\src\share\vm\classfile\systemDictionary.cpp, line 210]
Event: 16.950 Thread 0x00000000209e0000 Exception <a 'java/io/FileNotFoundException'> (0x00000000f2778aa8) thrown at [C:\re\workspace\8-2-build-windows-amd64-cygwin\jdk8u201\12322\hotspot\src\share\vm\prims\jni.cpp, line 709]
Event: 16.995 Thread 0x00000000209e0000 Exception <a 'java/io/FileNotFoundException'> (0x00000000f27acaa8) thrown at [C:\re\workspace\8-2-build-windows-amd64-cygwin\jdk8u201\12322\hotspot\src\share\vm\prims\jni.cpp, line 709]
Event: 17.992 Thread 0x00000000188a7800 Exception <a 'java/lang/OutOfMemoryError'> (0x00000000ee564b08) thrown at [C:\re\workspace\8-2-build-windows-amd64-cygwin\jdk8u201\12322\hotspot\src\share\vm\prims\jni.cpp, line 735]

Events (10 events):
Event: 17.731 Thread 0x00000000209ec000 DEOPT PACKING pc=0x00000000031c7edc sp=0x0000000022ffe500
Event: 17.731 Thread 0x00000000209ec000 DEOPT UNPACKING pc=0x0000000002cb583b sp=0x0000000022ffe510 mode 2
Event: 17.732 Thread 0x00000000209ec000 Uncommon trap: trap_request=0xffffff65 fr.pc=0x000000000397f864
Event: 17.732 Thread 0x00000000209ec000 DEOPT PACKING pc=0x000000000397f864 sp=0x0000000022ffe540
Event: 17.732 Thread 0x00000000209ec000 DEOPT UNPACKING pc=0x0000000002cb583b sp=0x0000000022ffe4c8 mode 2
Event: 17.760 Thread 0x00000000209ec000 DEOPT PACKING pc=0x0000000003e4b5b4 sp=0x0000000022ffe520
Event: 17.760 Thread 0x00000000209ec000 DEOPT UNPACKING pc=0x0000000002cb7890 sp=0x0000000022ffe248 mode 0
Event: 17.959 Thread 0x00000000188a7800 Uncommon trap: trap_request=0xffffff65 fr.pc=0x00000000034b3590
Event: 17.959 Thread 0x00000000188a7800 DEOPT PACKING pc=0x00000000034b3590 sp=0x000000002182d870
Event: 17.959 Thread 0x00000000188a7800 DEOPT UNPACKING pc=0x0000000002cb583b sp=0x000000002182d808 mode 2


Dynamic libraries:
0x00007ff7dd290000 - 0x00007ff7dd2c7000 	C:\Program Files\Java\jdk1.8.0_201\bin\java.exe
0x00007ffb1f7f0000 - 0x00007ffb1f9e5000 	C:\WINDOWS\SYSTEM32\ntdll.dll
0x00007ffb1efd0000 - 0x00007ffb1f08d000 	C:\WINDOWS\System32\KERNEL32.DLL
0x00007ffb1cf90000 - 0x00007ffb1d258000 	C:\WINDOWS\System32\KERNELBASE.dll
0x00007ffb1ee70000 - 0x00007ffb1ef1c000 	C:\WINDOWS\System32\ADVAPI32.dll
0x00007ffb1e500000 - 0x00007ffb1e59e000 	C:\WINDOWS\System32\msvcrt.dll
0x00007ffb1d880000 - 0x00007ffb1d91b000 	C:\WINDOWS\System32\sechost.dll
0x00007ffb1db90000 - 0x00007ffb1dcbb000 	C:\WINDOWS\System32\RPCRT4.dll
0x00007ffb1e360000 - 0x00007ffb1e500000 	C:\WINDOWS\System32\USER32.dll
0x00007ffb1d2e0000 - 0x00007ffb1d302000 	C:\WINDOWS\System32\win32u.dll
0x00007ffb1d850000 - 0x00007ffb1d87a000 	C:\WINDOWS\System32\GDI32.dll
0x00007ffb1d430000 - 0x00007ffb1d53b000 	C:\WINDOWS\System32\gdi32full.dll
0x00007ffb1d360000 - 0x00007ffb1d3fd000 	C:\WINDOWS\System32\msvcp_win.dll
0x00007ffb1d750000 - 0x00007ffb1d850000 	C:\WINDOWS\System32\ucrtbase.dll
0x00007ffafe030000 - 0x00007ffafe2ca000 	C:\WINDOWS\WinSxS\amd64_microsoft.windows.common-controls_6595b64144ccf1df_6.0.19041.844_none_ca00b6081b84eb1d\COMCTL32.dll
0x00007ffb1f0a0000 - 0x00007ffb1f0d0000 	C:\WINDOWS\System32\IMM32.DLL
0x00000000603b0000 - 0x0000000060481000 	C:\Program Files\Java\jdk1.8.0_201\jre\bin\msvcr100.dll
0x000000005e180000 - 0x000000005ea24000 	C:\Program Files\Java\jdk1.8.0_201\jre\bin\server\jvm.dll
0x00007ffb1ecf0000 - 0x00007ffb1ecf8000 	C:\WINDOWS\System32\PSAPI.DLL
0x00007ffb0c500000 - 0x00007ffb0c509000 	C:\WINDOWS\SYSTEM32\WSOCK32.dll
0x00007ffb134c0000 - 0x00007ffb134ca000 	C:\WINDOWS\SYSTEM32\VERSION.dll
0x00007ffb118f0000 - 0x00007ffb11917000 	C:\WINDOWS\SYSTEM32\WINMM.dll
0x00007ffb1ed00000 - 0x00007ffb1ed6b000 	C:\WINDOWS\System32\WS2_32.dll
0x00007ffaf6db0000 - 0x00007ffaf6dbf000 	C:\Program Files\Java\jdk1.8.0_201\jre\bin\verify.dll
0x00007ffaf39c0000 - 0x00007ffaf39e9000 	C:\Program Files\Java\jdk1.8.0_201\jre\bin\java.dll
0x00007ffaf3920000 - 0x00007ffaf3936000 	C:\Program Files\Java\jdk1.8.0_201\jre\bin\zip.dll
0x00007ffb1e5a0000 - 0x00007ffb1ece2000 	C:\WINDOWS\System32\SHELL32.dll
0x00007ffb1af60000 - 0x00007ffb1b6f0000 	C:\WINDOWS\SYSTEM32\windows.storage.dll
0x00007ffb1dd20000 - 0x00007ffb1e075000 	C:\WINDOWS\System32\combase.dll
0x00007ffb1c8d0000 - 0x00007ffb1c8fc000 	C:\WINDOWS\SYSTEM32\Wldp.dll
0x00007ffb1f230000 - 0x00007ffb1f2de000 	C:\WINDOWS\System32\SHCORE.dll
0x00007ffb1dcc0000 - 0x00007ffb1dd15000 	C:\WINDOWS\System32\shlwapi.dll
0x00007ffb1ce70000 - 0x00007ffb1ce8f000 	C:\WINDOWS\SYSTEM32\profapi.dll
0x00007ffaf3740000 - 0x00007ffaf375a000 	C:\Program Files\Java\jdk1.8.0_201\jre\bin\net.dll
0x00007ffb0ce00000 - 0x00007ffb0cfee000 	C:\WINDOWS\SYSTEM32\urlmon.dll
0x00007ffb0c950000 - 0x00007ffb0cc00000 	C:\WINDOWS\SYSTEM32\iertutil.dll
0x00007ffb1c640000 - 0x00007ffb1c6aa000 	C:\WINDOWS\system32\mswsock.dll
0x00007ffaf2430000 - 0x00007ffaf2441000 	C:\Program Files\Java\jdk1.8.0_201\jre\bin\nio.dll
0x00007ffaf4200000 - 0x00007ffaf421e000 	C:\Users\silve\.gradle\native\25\windows-amd64\native-platform.dll
0x00007ffaf6c60000 - 0x00007ffaf6c6d000 	C:\Program Files\Java\jdk1.8.0_201\jre\bin\management.dll
0x00007ffb1c810000 - 0x00007ffb1c828000 	C:\WINDOWS\SYSTEM32\CRYPTSP.dll
0x00007ffb1bfe0000 - 0x00007ffb1c014000 	C:\WINDOWS\system32\rsaenh.dll
0x00007ffb1d400000 - 0x00007ffb1d427000 	C:\WINDOWS\System32\bcrypt.dll
0x00007ffb1ce30000 - 0x00007ffb1ce5e000 	C:\WINDOWS\SYSTEM32\USERENV.dll
0x00007ffb1d260000 - 0x00007ffb1d2e0000 	C:\WINDOWS\System32\bcryptprimitives.dll
0x00007ffb1c830000 - 0x00007ffb1c83c000 	C:\WINDOWS\SYSTEM32\CRYPTBASE.dll
0x00007ffb1c330000 - 0x00007ffb1c36b000 	C:\WINDOWS\SYSTEM32\IPHLPAPI.DLL
0x00007ffb1f090000 - 0x00007ffb1f098000 	C:\WINDOWS\System32\NSI.dll
0x00007ffb156d0000 - 0x00007ffb156e7000 	C:\WINDOWS\SYSTEM32\dhcpcsvc6.DLL
0x00007ffb156b0000 - 0x00007ffb156cd000 	C:\WINDOWS\SYSTEM32\dhcpcsvc.DLL
0x00007ffb1c370000 - 0x00007ffb1c43c000 	C:\WINDOWS\SYSTEM32\DNSAPI.dll

VM Arguments:
jvm_args: -XX:+HeapDumpOnOutOfMemoryError -Xmx1024m -Dfile.encoding=x-windows-949 -Duser.country=KR -Duser.language=ko -Duser.variant 
java_command: org.gradle.launcher.daemon.bootstrap.GradleDaemon 4.10.2
java_class_path (initial): C:\Users\silve\.gradle\wrapper\dists\gradle-4.10.2-bin\cghg6c4gf4vkiutgsab8yrnwv\gradle-4.10.2\lib\gradle-launcher-4.10.2.jar
Launcher Type: SUN_STANDARD

Environment Variables:
JAVA_HOME=C:\Program Files\Java\jdk1.8.0_271
PATH=C:\oraclexe\app\oracle\product\11.2.0\server\bin;;C:\Program Files\Java\jdk1.8.0_271\bin;C:\oraclexe\app\oracle\product\11.2.0\server\bin;C:\Anaconda3;C:\Anaconda3\Scripts;C:\Users\silve\Anaconda3;C:\Users\silve\Anaconda3\Library\mingw-w64\bin;C:\Users\silve\Anaconda3\Library\usr\bin;C:\Users\silve\Anaconda3\Library\bin;C:\Users\silve\Anaconda3\Scripts;C:\Program Files\MySQL\MySQL Shell 8.0\bin\;C:\Users\silve\AppData\Local\Microsoft\WindowsApps;C:\Users\silve\.dotnet\tools;;C:\Users\silve\AppData\Local\Programs\Microsoft VS Code\bin;C:\Program Files\Bandizip\
USERNAME=±Ë¿∫∫Ò
OS=Windows_NT
PROCESSOR_IDENTIFIER=Intel64 Family 6 Model 142 Stepping 10, GenuineIntel



---------------  S Y S T E M  ---------------

OS: Windows 10.0 , 64 bit Build 19041 (10.0.19041.928)

CPU:total 8 (initial active 8) (4 cores per cpu, 2 threads per core) family 6 model 142 stepping 10, cmov, cx8, fxsr, mmx, sse, sse2, sse3, ssse3, sse4.1, sse4.2, popcnt, avx, avx2, aes, clmul, erms, 3dnowpref, lzcnt, ht, tsc, tscinvbit, bmi1, bmi2, adx

Memory: 4k page, physical 8217872k(843384k free), swap 33383696k(5904k free)

vm_info: Java HotSpot(TM) 64-Bit Server VM (25.201-b09) for windows-amd64 JRE (1.8.0_201-b09), built on Dec 15 2018 18:36:39 by "java_re" with MS VC++ 10.0 (VS2010)

time: Sun Jun 13 23:44:07 2021
timezone: ¥Î«—πŒ±π «•¡ÿΩ√
elapsed time: 18 seconds (0d 0h 0m 18s)

